<?xml version="1.0" encoding="UTF-8"?>
<!-- Generated by org.testng.reporters.JUnitReportReporter -->
<testsuite hostname="SAKET-PC" failures="0" tests="4" name="superherosregression.APIRegression" time="9.372" errors="0" timestamp="6 May 2022 04:05:40 GMT">
  <testcase classname="superherosregression.APIRegression" name="Login" time="3.007"/>
  <testcase classname="superherosregression.APIRegression" name="users_list" time="2.905"/>
  <testcase classname="superherosregression.APIRegression" name="AddUser" time="1.825"/>
  <testcase classname="superherosregression.APIRegression" name="Registration" time="1.635"/>
</testsuite> <!-- superherosregression.APIRegression -->
