<?xml version="1.0" encoding="UTF-8"?>
<!-- Generated by org.testng.reporters.JUnitReportReporter -->
<testsuite hostname="SAKET-PC" failures="0" tests="4" name="superherosregression.WebRegression" time="20.730" errors="0" timestamp="5 May 2022 14:34:21 GMT">
  <testcase classname="superherosregression.WebRegression" name="Verity_dashboard_with_login" time="7.108"/>
  <testcase classname="superherosregression.WebRegression" name="Verity_errormessage_invalilogin" time="1.399"/>
  <testcase classname="superherosregression.WebRegression" name="Verify_dashboard_with_registration" time="10.674"/>
  <testcase classname="superherosregression.WebRegression" name="Verity_errormessage_invalilogin" time="1.549"/>
</testsuite> <!-- superherosregression.WebRegression -->
